<?xml version="1.0" encoding="UTF-8"?>
<testsuite xmlns:xsi="http://www.w3.org/2001/XMLSchema-instance" xsi:noNamespaceSchemaLocation="https://maven.apache.org/surefire/maven-surefire-plugin/xsd/surefire-test-report.xsd" name="com.db.dbh2repoexp.DbH2RepoExpApplicationTests" time="4.837" tests="1" errors="1" skipped="0" failures="0">
  <properties>
[...]
</properties>
  <testcase name="contextLoads" classname="com.db.dbh2repoexp.DbH2RepoExpApplicationTests" time="0.003">
    <error message="Failed to load ApplicationContext" type="java.lang.IllegalStateException">java.lang.IllegalStateException: Failed to load ApplicationContext
Caused by: org.springframework.beans.factory.BeanCreationException: 
Error creating bean with name 'flywayInitializer' defined in class path resource [org/springframework/boot/autoconfigure/flyway/FlywayAutoConfiguration$FlywayConfiguration.class]: Invocation of init method failed; nested exception is org.flywaydb.core.internal.command.DbMigrate$FlywayMigrateException: 
Migration V1__create_table.sql failed
-------------------------------------
SQL State  : HY004
Error Code : 50004
Message    : Unknown data type: "DUE_DATE"; SQL statement:
create table Todo (id bigint not null auto_increment,username varchar(255) ,text varchar(255),status varchar(255),
name due_date datetime,name estimate_time timestamp,name date_time Date) [50004-197]
Location   : db/migration/V1__create_table.sql (C:\Users\pc\IdeaProjects\db-h2-repo-exp\db-h2-repo-exp\target\classes\db\migration\V1__create_table.sql)
Line       : 1
Statement  : create table Todo (id bigint not null auto_increment,username varchar(255) ,text varchar(255),status varchar(255),
name due_date datetime,name estimate_time timestamp,name date_time Date)

Caused by: org.flywaydb.core.internal.command.DbMigrate$FlywayMigrateException: 

Migration V1__create_table.sql failed
-------------------------------------
SQL State  : HY004
Error Code : 50004
Message    : Unknown data type: "DUE_DATE"; SQL statement:
create table Todo (id bigint not null auto_increment,username varchar(255) ,text varchar(255),status varchar(255),
name due_date datetime,name estimate_time timestamp,name date_time Date) [50004-197]
Location   : db/migration/V1__create_table.sql (C:\Users\pc\IdeaProjects\db-h2-repo-exp\db-h2-repo-exp\target\classes\db\migration\V1__create_table.sql)
Line       : 1
Statement  : create table Todo (id bigint not null auto_increment,username varchar(255) ,text varchar(255),status varchar(255),
name due_date datetime,name estimate_time timestamp,name date_time Date)

Caused by: org.flywaydb.core.internal.sqlscript.FlywaySqlScriptException: 

Migration V1__create_table.sql failed
-------------------------------------
SQL State  : HY004
Error Code : 50004
Message    : Unknown data type: "DUE_DATE"; SQL statement:
create table Todo (id bigint not null auto_increment,username varchar(255) ,text varchar(255),status varchar(255),
name due_date datetime,name estimate_time timestamp,name date_time Date) [50004-197]
Location   : db/migration/V1__create_table.sql (C:\Users\pc\IdeaProjects\db-h2-repo-exp\db-h2-repo-exp\target\classes\db\migration\V1__create_table.sql)
Line       : 1
Statement  : create table Todo (id bigint not null auto_increment,username varchar(255) ,text varchar(255),status varchar(255),
name due_date datetime,name estimate_time timestamp,name date_time Date)

Caused by: org.h2.jdbc.JdbcSQLException: 
Unknown data type: "DUE_DATE"; SQL statement:
create table Todo (id bigint not null auto_increment,username varchar(255) ,text varchar(255),status varchar(255),
name due_date datetime,name estimate_time timestamp,name date_time Date) [50004-197]
</error>
    <system-out><![CDATA[21:08:38.387 [main] DEBUG org.springframework.test.context.junit4.SpringJUnit4ClassRunner - SpringJUnit4ClassRunner constructor called with [class com.db.dbh2repoexp.DbH2RepoExpApplicationTests]
21:08:38.396 [main] DEBUG org.springframework.test.context.BootstrapUtils - Instantiating CacheAwareContextLoaderDelegate from class [org.springframework.test.context.cache.DefaultCacheAwareContextLoaderDelegate]
21:08:38.413 [main] DEBUG org.springframework.test.context.BootstrapUtils - Instantiating BootstrapContext using constructor [public org.springframework.test.context.support.DefaultBootstrapContext(java.lang.Class,org.springframework.test.context.CacheAwareContextLoaderDelegate)]
21:08:38.465 [main] DEBUG org.springframework.test.context.BootstrapUtils - Instantiating TestContextBootstrapper for test class [com.db.dbh2repoexp.DbH2RepoExpApplicationTests] from class [org.springframework.boot.test.context.SpringBootTestContextBootstrapper]
21:08:38.486 [main] INFO org.springframework.boot.test.context.SpringBootTestContextBootstrapper - Neither @ContextConfiguration nor @ContextHierarchy found for test class [com.db.dbh2repoexp.DbH2RepoExpApplicationTests], using SpringBootContextLoader
21:08:38.492 [main] DEBUG org.springframework.test.context.support.AbstractContextLoader - Did not detect default resource location for test class [com.db.dbh2repoexp.DbH2RepoExpApplicationTests]: class path resource [com/db/dbh2repoexp/DbH2RepoExpApplicationTests-context.xml] does not exist
21:08:38.493 [main] DEBUG org.springframework.test.context.support.AbstractContextLoader - Did not detect default resource location for test class [com.db.dbh2repoexp.DbH2RepoExpApplicationTests]: class path resource [com/db/dbh2repoexp/DbH2RepoExpApplicationTestsContext.groovy] does not exist
21:08:38.493 [main] INFO org.springframework.test.context.support.AbstractContextLoader - Could not detect default resource locations for test class [com.db.dbh2repoexp.DbH2RepoExpApplicationTests]: no resource found for suffixes {-context.xml, Context.groovy}.
21:08:38.495 [main] INFO org.springframework.test.context.support.AnnotationConfigContextLoaderUtils - Could not detect default configuration classes for test class [com.db.dbh2repoexp.DbH2RepoExpApplicationTests]: DbH2RepoExpApplicationTests does not declare any static, non-private, non-final, nested classes annotated with @Configuration.
21:08:38.572 [main] DEBUG org.springframework.test.context.support.ActiveProfilesUtils - Could not find an 'annotation declaring class' for annotation type [org.springframework.test.context.ActiveProfiles] and class [com.db.dbh2repoexp.DbH2RepoExpApplicationTests]
21:08:38.684 [main] DEBUG org.springframework.context.annotation.ClassPathScanningCandidateComponentProvider - Identified candidate component class: file [C:\Users\pc\IdeaProjects\db-h2-repo-exp\db-h2-repo-exp\target\classes\com\db\dbh2repoexp\DbH2RepoExpApplication.class]
21:08:38.696 [main] INFO org.springframework.boot.test.context.SpringBootTestContextBootstrapper - Found @SpringBootConfiguration com.db.dbh2repoexp.DbH2RepoExpApplication for test class com.db.dbh2repoexp.DbH2RepoExpApplicationTests
21:08:38.895 [main] DEBUG org.springframework.boot.test.context.SpringBootTestContextBootstrapper - @TestExecutionListeners is not present for class [com.db.dbh2repoexp.DbH2RepoExpApplicationTests]: using defaults.
21:08:38.895 [main] INFO org.springframework.boot.test.context.SpringBootTestContextBootstrapper - Loaded default TestExecutionListener class names from location [META-INF/spring.factories]: [org.springframework.boot.test.mock.mockito.MockitoTestExecutionListener, org.springframework.boot.test.mock.mockito.ResetMocksTestExecutionListener, org.springframework.boot.test.autoconfigure.restdocs.RestDocsTestExecutionListener, org.springframework.boot.test.autoconfigure.web.client.MockRestServiceServerResetTestExecutionListener, org.springframework.boot.test.autoconfigure.web.servlet.MockMvcPrintOnlyOnFailureTestExecutionListener, org.springframework.boot.test.autoconfigure.web.servlet.WebDriverTestExecutionListener, org.springframework.test.context.web.ServletTestExecutionListener, org.springframework.test.context.support.DirtiesContextBeforeModesTestExecutionListener, org.springframework.test.context.support.DependencyInjectionTestExecutionListener, org.springframework.test.context.support.DirtiesContextTestExecutionListener, org.springframework.test.context.transaction.TransactionalTestExecutionListener, org.springframework.test.context.jdbc.SqlScriptsTestExecutionListener]
21:08:38.948 [main] INFO org.springframework.boot.test.context.SpringBootTestContextBootstrapper - Using TestExecutionListeners: [org.springframework.test.context.web.ServletTestExecutionListener@48793bef, org.springframework.test.context.support.DirtiesContextBeforeModesTestExecutionListener@7d286fb6, org.springframework.boot.test.mock.mockito.MockitoTestExecutionListener@3eb77ea8, org.springframework.boot.test.autoconfigure.SpringBootDependencyInjectionTestExecutionListener@7b8b43c7, org.springframework.test.context.support.DirtiesContextTestExecutionListener@7aaca91a, org.springframework.test.context.transaction.TransactionalTestExecutionListener@44c73c26, org.springframework.test.context.jdbc.SqlScriptsTestExecutionListener@41005828, org.springframework.boot.test.mock.mockito.ResetMocksTestExecutionListener@60b4beb4, org.springframework.boot.test.autoconfigure.restdocs.RestDocsTestExecutionListener@7fcf2fc1, org.springframework.boot.test.autoconfigure.web.client.MockRestServiceServerResetTestExecutionListener@2141a12, org.springframework.boot.test.autoconfigure.web.servlet.MockMvcPrintOnlyOnFailureTestExecutionListener@4196c360, org.springframework.boot.test.autoconfigure.web.servlet.WebDriverTestExecutionListener@41294f8]
21:08:38.956 [main] DEBUG org.springframework.test.annotation.ProfileValueUtils - Retrieved @ProfileValueSourceConfiguration [null] for test class [com.db.dbh2repoexp.DbH2RepoExpApplicationTests]
21:08:38.957 [main] DEBUG org.springframework.test.annotation.ProfileValueUtils - Retrieved ProfileValueSource type [class org.springframework.test.annotation.SystemProfileValueSource] for class [com.db.dbh2repoexp.DbH2RepoExpApplicationTests]
21:08:38.960 [main] DEBUG org.springframework.test.annotation.ProfileValueUtils - Retrieved @ProfileValueSourceConfiguration [null] for test class [com.db.dbh2repoexp.DbH2RepoExpApplicationTests]
21:08:38.960 [main] DEBUG org.springframework.test.annotation.ProfileValueUtils - Retrieved ProfileValueSource type [class org.springframework.test.annotation.SystemProfileValueSource] for class [com.db.dbh2repoexp.DbH2RepoExpApplicationTests]
21:08:38.961 [main] DEBUG org.springframework.test.annotation.ProfileValueUtils - Retrieved @ProfileValueSourceConfiguration [null] for test class [com.db.dbh2repoexp.DbH2RepoExpApplicationTests]
21:08:38.962 [main] DEBUG org.springframework.test.annotation.ProfileValueUtils - Retrieved ProfileValueSource type [class org.springframework.test.annotation.SystemProfileValueSource] for class [com.db.dbh2repoexp.DbH2RepoExpApplicationTests]
21:08:38.974 [main] DEBUG org.springframework.test.context.support.AbstractDirtiesContextTestExecutionListener - Before test class: context [DefaultTestContext@74a6f9c1 testClass = DbH2RepoExpApplicationTests, testInstance = [null], testMethod = [null], testException = [null], mergedContextConfiguration = [WebMergedContextConfiguration@54eb2b70 testClass = DbH2RepoExpApplicationTests, locations = '{}', classes = '{class com.db.dbh2repoexp.DbH2RepoExpApplication}', contextInitializerClasses = '[]', activeProfiles = '{}', propertySourceLocations = '{}', propertySourceProperties = '{org.springframework.boot.test.context.SpringBootTestContextBootstrapper=true}', contextCustomizers = set[org.springframework.boot.test.context.filter.ExcludeFilterContextCustomizer@e7edb54, org.springframework.boot.test.json.DuplicateJsonObjectContextCustomizerFactory$DuplicateJsonObjectContextCustomizer@69e1dd28, org.springframework.boot.test.mock.mockito.MockitoContextCustomizer@0, org.springframework.boot.test.web.client.TestRestTemplateContextCustomizer@b62d79, org.springframework.boot.test.autoconfigure.properties.PropertyMappingContextCustomizer@0, org.springframework.boot.test.autoconfigure.web.servlet.WebDriverContextCustomizerFactory$Customizer@2df9b86], resourceBasePath = 'src/main/webapp', contextLoader = 'org.springframework.boot.test.context.SpringBootContextLoader', parent = [null]], attributes = map['org.springframework.test.context.web.ServletTestExecutionListener.activateListener' -> true]], class annotated with @DirtiesContext [false] with mode [null].
21:08:38.975 [main] DEBUG org.springframework.test.annotation.ProfileValueUtils - Retrieved @ProfileValueSourceConfiguration [null] for test class [com.db.dbh2repoexp.DbH2RepoExpApplicationTests]
21:08:38.976 [main] DEBUG org.springframework.test.annotation.ProfileValueUtils - Retrieved ProfileValueSource type [class org.springframework.test.annotation.SystemProfileValueSource] for class [com.db.dbh2repoexp.DbH2RepoExpApplicationTests]
21:08:39.028 [main] DEBUG org.springframework.test.context.support.TestPropertySourceUtils - Adding inlined properties to environment: {spring.jmx.enabled=false, org.springframework.boot.test.context.SpringBootTestContextBootstrapper=true, server.port=-1}

  .   ____          _            __ _ _
 /\\ / ___'_ __ _ _(_)_ __  __ _ \ \ \ \
( ( )\___ | '_ | '_| | '_ \/ _` | \ \ \ \
 \\/  ___)| |_)| | | | | || (_| |  ) ) ) )
  '  |____| .__|_| |_|_| |_\__, | / / / /
 =========|_|==============|___/=/_/_/_/
 :: Spring Boot ::        (v2.1.2.RELEASE)

2019-02-08 21:08:39.636  INFO 5088 --- [           main] c.d.d.DbH2RepoExpApplicationTests        : Starting DbH2RepoExpApplicationTests on LAPTOP-049CI2I5 with PID 5088 (started by pc in C:\Users\pc\IdeaProjects\db-h2-repo-exp\db-h2-repo-exp)
2019-02-08 21:08:39.653  INFO 5088 --- [           main] c.d.d.DbH2RepoExpApplicationTests        : No active profile set, falling back to default profiles: default
2019-02-08 21:08:41.048  INFO 5088 --- [           main] .s.d.r.c.RepositoryConfigurationDelegate : Bootstrapping Spring Data repositories in DEFAULT mode.
2019-02-08 21:08:41.144  INFO 5088 --- [           main] .s.d.r.c.RepositoryConfigurationDelegate : Finished Spring Data repository scanning in 81ms. Found 1 repository interfaces.
2019-02-08 21:08:41.902  INFO 5088 --- [           main] trationDelegate$BeanPostProcessorChecker : Bean 'org.springframework.transaction.annotation.ProxyTransactionManagementConfiguration' of type [org.springframework.transaction.annotation.ProxyTransactionManagementConfiguration$$EnhancerBySpringCGLIB$$75af4684] is not eligible for getting processed by all BeanPostProcessors (for example: not eligible for auto-proxying)
2019-02-08 21:08:42.321  INFO 5088 --- [           main] o.f.c.internal.license.VersionPrinter    : Flyway Community Edition 5.2.4 by Boxfuse
2019-02-08 21:08:42.350  INFO 5088 --- [           main] com.zaxxer.hikari.HikariDataSource       : HikariPool-1 - Starting...
2019-02-08 21:08:42.633  INFO 5088 --- [           main] com.zaxxer.hikari.HikariDataSource       : HikariPool-1 - Start completed.
2019-02-08 21:08:42.636  INFO 5088 --- [           main] o.f.c.internal.database.DatabaseFactory  : Database: jdbc:h2:mem:dbrepo (H2 1.4)
2019-02-08 21:08:42.800  INFO 5088 --- [           main] o.f.core.internal.command.DbValidate     : Successfully validated 2 migrations (execution time 00:00.044s)
2019-02-08 21:08:42.821  INFO 5088 --- [           main] o.f.c.i.s.JdbcTableSchemaHistory         : Creating Schema History table: "PUBLIC"."flyway_schema_history"
2019-02-08 21:08:42.874  INFO 5088 --- [           main] o.f.core.internal.command.DbMigrate      : Current version of schema "PUBLIC": << Empty Schema >>
2019-02-08 21:08:42.877  INFO 5088 --- [           main] o.f.core.internal.command.DbMigrate      : Migrating schema "PUBLIC" to version 1 - create table
2019-02-08 21:08:42.899 ERROR 5088 --- [           main] o.f.core.internal.command.DbMigrate      : Migration of schema "PUBLIC" to version 1 - create table failed! Please restore backups and roll back database and code!
2019-02-08 21:08:42.925  WARN 5088 --- [           main] o.s.w.c.s.GenericWebApplicationContext   : Exception encountered during context initialization - cancelling refresh attempt: org.springframework.beans.factory.BeanCreationException: Error creating bean with name 'flywayInitializer' defined in class path resource [org/springframework/boot/autoconfigure/flyway/FlywayAutoConfiguration$FlywayConfiguration.class]: Invocation of init method failed; nested exception is org.flywaydb.core.internal.command.DbMigrate$FlywayMigrateException: 
Migration V1__create_table.sql failed
-------------------------------------
SQL State  : HY004
Error Code : 50004
Message    : Unknown data type: "DUE_DATE"; SQL statement:
create table Todo (id bigint not null auto_increment,username varchar(255) ,text varchar(255),status varchar(255),
name due_date datetime,name estimate_time timestamp,name date_time Date) [50004-197]
Location   : db/migration/V1__create_table.sql (C:\Users\pc\IdeaProjects\db-h2-repo-exp\db-h2-repo-exp\target\classes\db\migration\V1__create_table.sql)
Line       : 1
Statement  : create table Todo (id bigint not null auto_increment,username varchar(255) ,text varchar(255),status varchar(255),
name due_date datetime,name estimate_time timestamp,name date_time Date)

2019-02-08 21:08:42.926  INFO 5088 --- [           main] com.zaxxer.hikari.HikariDataSource       : HikariPool-1 - Shutdown initiated...
2019-02-08 21:08:42.935  INFO 5088 --- [           main] com.zaxxer.hikari.HikariDataSource       : HikariPool-1 - Shutdown completed.
2019-02-08 21:08:42.952  INFO 5088 --- [           main] ConditionEvaluationReportLoggingListener : 

Error starting ApplicationContext. To display the conditions report re-run your application with 'debug' enabled.
2019-02-08 21:08:42.967 ERROR 5088 --- [           main] o.s.boot.SpringApplication               : Application run failed

org.springframework.beans.factory.BeanCreationException: Error creating bean with name 'flywayInitializer' defined in class path resource [org/springframework/boot/autoconfigure/flyway/FlywayAutoConfiguration$FlywayConfiguration.class]: Invocation of init method failed; nested exception is org.flywaydb.core.internal.command.DbMigrate$FlywayMigrateException: 
Migration V1__create_table.sql failed
-------------------------------------
SQL State  : HY004
Error Code : 50004
Message    : Unknown data type: "DUE_DATE"; SQL statement:
create table Todo (id bigint not null auto_increment,username varchar(255) ,text varchar(255),status varchar(255),
name due_date datetime,name estimate_time timestamp,name date_time Date) [50004-197]
Location   : db/migration/V1__create_table.sql (C:\Users\pc\IdeaProjects\db-h2-repo-exp\db-h2-repo-exp\target\classes\db\migration\V1__create_table.sql)
Line       : 1
Statement  : create table Todo (id bigint not null auto_increment,username varchar(255) ,text varchar(255),status varchar(255),
name due_date datetime,name estimate_time timestamp,name date_time Date)

	at org.springframework.beans.factory.support.AbstractAutowireCapableBeanFactory.initializeBean(AbstractAutowireCapableBeanFactory.java:1745) ~[spring-beans-5.1.4.RELEASE.jar:5.1.4.RELEASE]
	at org.springframework.beans.factory.support.AbstractAutowireCapableBeanFactory.doCreateBean(AbstractAutowireCapableBeanFactory.java:576) ~[spring-beans-5.1.4.RELEASE.jar:5.1.4.RELEASE]
	at org.springframework.beans.factory.support.AbstractAutowireCapableBeanFactory.createBean(AbstractAutowireCapableBeanFactory.java:498) ~[spring-beans-5.1.4.RELEASE.jar:5.1.4.RELEASE]
	at org.springframework.beans.factory.support.AbstractBeanFactory.lambda$doGetBean$0(AbstractBeanFactory.java:320) ~[spring-beans-5.1.4.RELEASE.jar:5.1.4.RELEASE]
	at org.springframework.beans.factory.support.DefaultSingletonBeanRegistry.getSingleton(DefaultSingletonBeanRegistry.java:222) ~[spring-beans-5.1.4.RELEASE.jar:5.1.4.RELEASE]
	at org.springframework.beans.factory.support.AbstractBeanFactory.doGetBean(AbstractBeanFactory.java:318) ~[spring-beans-5.1.4.RELEASE.jar:5.1.4.RELEASE]
	at org.springframework.beans.factory.support.AbstractBeanFactory.getBean(AbstractBeanFactory.java:199) ~[spring-beans-5.1.4.RELEASE.jar:5.1.4.RELEASE]
	at org.springframework.beans.factory.support.AbstractBeanFactory.doGetBean(AbstractBeanFactory.java:307) ~[spring-beans-5.1.4.RELEASE.jar:5.1.4.RELEASE]
	at org.springframework.beans.factory.support.AbstractBeanFactory.getBean(AbstractBeanFactory.java:199) ~[spring-beans-5.1.4.RELEASE.jar:5.1.4.RELEASE]
	at org.springframework.context.support.AbstractApplicationContext.getBean(AbstractApplicationContext.java:1083) ~[spring-context-5.1.4.RELEASE.jar:5.1.4.RELEASE]
	at org.springframework.context.support.AbstractApplicationContext.finishBeanFactoryInitialization(AbstractApplicationContext.java:853) ~[spring-context-5.1.4.RELEASE.jar:5.1.4.RELEASE]
	at org.springframework.context.support.AbstractApplicationContext.refresh(AbstractApplicationContext.java:546) ~[spring-context-5.1.4.RELEASE.jar:5.1.4.RELEASE]
	at org.springframework.boot.SpringApplication.refresh(SpringApplication.java:775) ~[spring-boot-2.1.2.RELEASE.jar:2.1.2.RELEASE]
	at org.springframework.boot.SpringApplication.refreshContext(SpringApplication.java:397) ~[spring-boot-2.1.2.RELEASE.jar:2.1.2.RELEASE]
	at org.springframework.boot.SpringApplication.run(SpringApplication.java:316) ~[spring-boot-2.1.2.RELEASE.jar:2.1.2.RELEASE]
	at org.springframework.boot.test.context.SpringBootContextLoader.loadContext(SpringBootContextLoader.java:127) ~[spring-boot-test-2.1.2.RELEASE.jar:2.1.2.RELEASE]
	at org.springframework.test.context.cache.DefaultCacheAwareContextLoaderDelegate.loadContextInternal(DefaultCacheAwareContextLoaderDelegate.java:99) ~[spring-test-5.1.4.RELEASE.jar:5.1.4.RELEASE]
	at org.springframework.test.context.cache.DefaultCacheAwareContextLoaderDelegate.loadContext(DefaultCacheAwareContextLoaderDelegate.java:117) ~[spring-test-5.1.4.RELEASE.jar:5.1.4.RELEASE]
	at org.springframework.test.context.support.DefaultTestContext.getApplicationContext(DefaultTestContext.java:108) ~[spring-test-5.1.4.RELEASE.jar:5.1.4.RELEASE]
	at org.springframework.test.context.web.ServletTestExecutionListener.setUpRequestContextIfNecessary(ServletTestExecutionListener.java:190) ~[spring-test-5.1.4.RELEASE.jar:5.1.4.RELEASE]
	at org.springframework.test.context.web.ServletTestExecutionListener.prepareTestInstance(ServletTestExecutionListener.java:132) ~[spring-test-5.1.4.RELEASE.jar:5.1.4.RELEASE]
	at org.springframework.test.context.TestContextManager.prepareTestInstance(TestContextManager.java:246) ~[spring-test-5.1.4.RELEASE.jar:5.1.4.RELEASE]
	at org.springframework.test.context.junit4.SpringJUnit4ClassRunner.createTest(SpringJUnit4ClassRunner.java:227) ~[spring-test-5.1.4.RELEASE.jar:5.1.4.RELEASE]
	at org.springframework.test.context.junit4.SpringJUnit4ClassRunner$1.runReflectiveCall(SpringJUnit4ClassRunner.java:289) ~[spring-test-5.1.4.RELEASE.jar:5.1.4.RELEASE]
	at org.junit.internal.runners.model.ReflectiveCallable.run(ReflectiveCallable.java:12) ~[junit-4.12.jar:4.12]
	at org.springframework.test.context.junit4.SpringJUnit4ClassRunner.methodBlock(SpringJUnit4ClassRunner.java:291) ~[spring-test-5.1.4.RELEASE.jar:5.1.4.RELEASE]
	at org.springframework.test.context.junit4.SpringJUnit4ClassRunner.runChild(SpringJUnit4ClassRunner.java:246) ~[spring-test-5.1.4.RELEASE.jar:5.1.4.RELEASE]
	at org.springframework.test.context.junit4.SpringJUnit4ClassRunner.runChild(SpringJUnit4ClassRunner.java:97) ~[spring-test-5.1.4.RELEASE.jar:5.1.4.RELEASE]
	at org.junit.runners.ParentRunner$3.run(ParentRunner.java:290) ~[junit-4.12.jar:4.12]
	at org.junit.runners.ParentRunner$1.schedule(ParentRunner.java:71) ~[junit-4.12.jar:4.12]
	at org.junit.runners.ParentRunner.runChildren(ParentRunner.java:288) ~[junit-4.12.jar:4.12]
	at org.junit.runners.ParentRunner.access$000(ParentRunner.java:58) ~[junit-4.12.jar:4.12]
	at org.junit.runners.ParentRunner$2.evaluate(ParentRunner.java:268) ~[junit-4.12.jar:4.12]
	at org.springframework.test.context.junit4.statements.RunBeforeTestClassCallbacks.evaluate(RunBeforeTestClassCallbacks.java:61) ~[spring-test-5.1.4.RELEASE.jar:5.1.4.RELEASE]
	at org.springframework.test.context.junit4.statements.RunAfterTestClassCallbacks.evaluate(RunAfterTestClassCallbacks.java:70) ~[spring-test-5.1.4.RELEASE.jar:5.1.4.RELEASE]
	at org.junit.runners.ParentRunner.run(ParentRunner.java:363) ~[junit-4.12.jar:4.12]
	at org.springframework.test.context.junit4.SpringJUnit4ClassRunner.run(SpringJUnit4ClassRunner.java:190) ~[spring-test-5.1.4.RELEASE.jar:5.1.4.RELEASE]
	at org.apache.maven.surefire.junit4.JUnit4Provider.execute(JUnit4Provider.java:365) ~[surefire-junit4-2.22.1.jar:2.22.1]
	at org.apache.maven.surefire.junit4.JUnit4Provider.executeWithRerun(JUnit4Provider.java:273) ~[surefire-junit4-2.22.1.jar:2.22.1]
	at org.apache.maven.surefire.junit4.JUnit4Provider.executeTestSet(JUnit4Provider.java:238) ~[surefire-junit4-2.22.1.jar:2.22.1]
	at org.apache.maven.surefire.junit4.JUnit4Provider.invoke(JUnit4Provider.java:159) ~[surefire-junit4-2.22.1.jar:2.22.1]
	at org.apache.maven.surefire.booter.ForkedBooter.invokeProviderInSameClassLoader(ForkedBooter.java:384) ~[surefire-booter-2.22.1.jar:2.22.1]
	at org.apache.maven.surefire.booter.ForkedBooter.runSuitesInProcess(ForkedBooter.java:345) ~[surefire-booter-2.22.1.jar:2.22.1]
	at org.apache.maven.surefire.booter.ForkedBooter.execute(ForkedBooter.java:126) ~[surefire-booter-2.22.1.jar:2.22.1]
	at org.apache.maven.surefire.booter.ForkedBooter.main(ForkedBooter.java:418) ~[surefire-booter-2.22.1.jar:2.22.1]
Caused by: org.flywaydb.core.internal.command.DbMigrate$FlywayMigrateException: 
Migration V1__create_table.sql failed
-------------------------------------
SQL State  : HY004
Error Code : 50004
Message    : Unknown data type: "DUE_DATE"; SQL statement:
create table Todo (id bigint not null auto_increment,username varchar(255) ,text varchar(255),status varchar(255),
name due_date datetime,name estimate_time timestamp,name date_time Date) [50004-197]
Location   : db/migration/V1__create_table.sql (C:\Users\pc\IdeaProjects\db-h2-repo-exp\db-h2-repo-exp\target\classes\db\migration\V1__create_table.sql)
Line       : 1
Statement  : create table Todo (id bigint not null auto_increment,username varchar(255) ,text varchar(255),status varchar(255),
name due_date datetime,name estimate_time timestamp,name date_time Date)

	at org.flywaydb.core.internal.command.DbMigrate.doMigrateGroup(DbMigrate.java:370) ~[flyway-core-5.2.4.jar:na]
	at org.flywaydb.core.internal.command.DbMigrate.access$200(DbMigrate.java:54) ~[flyway-core-5.2.4.jar:na]
	at org.flywaydb.core.internal.command.DbMigrate$3.call(DbMigrate.java:284) ~[flyway-core-5.2.4.jar:na]
	at org.flywaydb.core.internal.jdbc.TransactionTemplate.execute(TransactionTemplate.java:74) ~[flyway-core-5.2.4.jar:na]
	at org.flywaydb.core.internal.command.DbMigrate.applyMigrations(DbMigrate.java:281) ~[flyway-core-5.2.4.jar:na]
	at org.flywaydb.core.internal.command.DbMigrate.migrateGroup(DbMigrate.java:246) ~[flyway-core-5.2.4.jar:na]
	at org.flywaydb.core.internal.command.DbMigrate.access$100(DbMigrate.java:54) ~[flyway-core-5.2.4.jar:na]
	at org.flywaydb.core.internal.command.DbMigrate$2.call(DbMigrate.java:164) ~[flyway-core-5.2.4.jar:na]
	at org.flywaydb.core.internal.command.DbMigrate$2.call(DbMigrate.java:161) ~[flyway-core-5.2.4.jar:na]
	at org.flywaydb.core.internal.database.base.Connection$1.call(Connection.java:147) ~[flyway-core-5.2.4.jar:na]
	at org.flywaydb.core.internal.jdbc.TransactionTemplate.execute(TransactionTemplate.java:74) ~[flyway-core-5.2.4.jar:na]
	at org.flywaydb.core.internal.database.base.Connection.lock(Connection.java:143) ~[flyway-core-5.2.4.jar:na]
	at org.flywaydb.core.internal.schemahistory.JdbcTableSchemaHistory.lock(JdbcTableSchemaHistory.java:155) ~[flyway-core-5.2.4.jar:na]
	at org.flywaydb.core.internal.command.DbMigrate.migrateAll(DbMigrate.java:161) ~[flyway-core-5.2.4.jar:na]
	at org.flywaydb.core.internal.command.DbMigrate.migrate(DbMigrate.java:139) ~[flyway-core-5.2.4.jar:na]
	at org.flywaydb.core.Flyway$1.execute(Flyway.java:1395) ~[flyway-core-5.2.4.jar:na]
	at org.flywaydb.core.Flyway$1.execute(Flyway.java:1356) ~[flyway-core-5.2.4.jar:na]
	at org.flywaydb.core.Flyway.execute(Flyway.java:1711) ~[flyway-core-5.2.4.jar:na]
	at org.flywaydb.core.Flyway.migrate(Flyway.java:1356) ~[flyway-core-5.2.4.jar:na]
	at org.springframework.boot.autoconfigure.flyway.FlywayMigrationInitializer.afterPropertiesSet(FlywayMigrationInitializer.java:66) ~[spring-boot-autoconfigure-2.1.2.RELEASE.jar:2.1.2.RELEASE]
	at org.springframework.beans.factory.support.AbstractAutowireCapableBeanFactory.invokeInitMethods(AbstractAutowireCapableBeanFactory.java:1804) ~[spring-beans-5.1.4.RELEASE.jar:5.1.4.RELEASE]
	at org.springframework.beans.factory.support.AbstractAutowireCapableBeanFactory.initializeBean(AbstractAutowireCapableBeanFactory.java:1741) ~[spring-beans-5.1.4.RELEASE.jar:5.1.4.RELEASE]
	... 44 common frames omitted
Caused by: org.flywaydb.core.internal.sqlscript.FlywaySqlScriptException: 
Migration V1__create_table.sql failed
-------------------------------------
SQL State  : HY004
Error Code : 50004
Message    : Unknown data type: "DUE_DATE"; SQL statement:
create table Todo (id bigint not null auto_increment,username varchar(255) ,text varchar(255),status varchar(255),
name due_date datetime,name estimate_time timestamp,name date_time Date) [50004-197]
Location   : db/migration/V1__create_table.sql (C:\Users\pc\IdeaProjects\db-h2-repo-exp\db-h2-repo-exp\target\classes\db\migration\V1__create_table.sql)
Line       : 1
Statement  : create table Todo (id bigint not null auto_increment,username varchar(255) ,text varchar(255),status varchar(255),
name due_date datetime,name estimate_time timestamp,name date_time Date)

	at org.flywaydb.core.internal.sqlscript.DefaultSqlScriptExecutor.handleException(DefaultSqlScriptExecutor.java:253) ~[flyway-core-5.2.4.jar:na]
	at org.flywaydb.core.internal.sqlscript.DefaultSqlScriptExecutor.executeStatement(DefaultSqlScriptExecutor.java:202) ~[flyway-core-5.2.4.jar:na]
	at org.flywaydb.core.internal.sqlscript.DefaultSqlScriptExecutor.execute(DefaultSqlScriptExecutor.java:125) ~[flyway-core-5.2.4.jar:na]
	at org.flywaydb.core.internal.resolver.sql.SqlMigrationExecutor.execute(SqlMigrationExecutor.java:77) ~[flyway-core-5.2.4.jar:na]
	at org.flywaydb.core.internal.command.DbMigrate.doMigrateGroup(DbMigrate.java:367) ~[flyway-core-5.2.4.jar:na]
	... 65 common frames omitted
Caused by: org.h2.jdbc.JdbcSQLException: Unknown data type: "DUE_DATE"; SQL statement:
create table Todo (id bigint not null auto_increment,username varchar(255) ,text varchar(255),status varchar(255),
name due_date datetime,name estimate_time timestamp,name date_time Date) [50004-197]
	at org.h2.message.DbException.getJdbcSQLException(DbException.java:357) ~[h2-1.4.197.jar:1.4.197]
	at org.h2.message.DbException.get(DbException.java:179) ~[h2-1.4.197.jar:1.4.197]
	at org.h2.message.DbException.get(DbException.java:155) ~[h2-1.4.197.jar:1.4.197]
	at org.h2.command.Parser.parseColumnWithType(Parser.java:4400) ~[h2-1.4.197.jar:1.4.197]
	at org.h2.command.Parser.parseColumnForTable(Parser.java:4215) ~[h2-1.4.197.jar:1.4.197]
	at org.h2.command.Parser.parseTableColumnDefinition(Parser.java:6662) ~[h2-1.4.197.jar:1.4.197]
	at org.h2.command.Parser.parseCreateTable(Parser.java:6570) ~[h2-1.4.197.jar:1.4.197]
	at org.h2.command.Parser.parseCreate(Parser.java:4615) ~[h2-1.4.197.jar:1.4.197]
	at org.h2.command.Parser.parsePrepared(Parser.java:380) ~[h2-1.4.197.jar:1.4.197]
	at org.h2.command.Parser.parse(Parser.java:335) ~[h2-1.4.197.jar:1.4.197]
	at org.h2.command.Parser.parse(Parser.java:307) ~[h2-1.4.197.jar:1.4.197]
	at org.h2.command.Parser.prepareCommand(Parser.java:278) ~[h2-1.4.197.jar:1.4.197]
	at org.h2.engine.Session.prepareLocal(Session.java:611) ~[h2-1.4.197.jar:1.4.197]
	at org.h2.engine.Session.prepareCommand(Session.java:549) ~[h2-1.4.197.jar:1.4.197]
	at org.h2.jdbc.JdbcConnection.prepareCommand(JdbcConnection.java:1247) ~[h2-1.4.197.jar:1.4.197]
	at org.h2.jdbc.JdbcStatement.executeInternal(JdbcStatement.java:217) ~[h2-1.4.197.jar:1.4.197]
	at org.h2.jdbc.JdbcStatement.execute(JdbcStatement.java:205) ~[h2-1.4.197.jar:1.4.197]
	at com.zaxxer.hikari.pool.ProxyStatement.execute(ProxyStatement.java:95) ~[HikariCP-3.2.0.jar:na]
	at com.zaxxer.hikari.pool.HikariProxyStatement.execute(HikariProxyStatement.java) ~[HikariCP-3.2.0.jar:na]
	at org.flywaydb.core.internal.jdbc.JdbcTemplate.executeStatement(JdbcTemplate.java:235) ~[flyway-core-5.2.4.jar:na]
	at org.flywaydb.core.internal.sqlscript.StandardSqlStatement.execute(StandardSqlStatement.java:42) ~[flyway-core-5.2.4.jar:na]
	at org.flywaydb.core.internal.sqlscript.DefaultSqlScriptExecutor.executeStatement(DefaultSqlScriptExecutor.java:189) ~[flyway-core-5.2.4.jar:na]
	... 68 common frames omitted

2019-02-08 21:08:42.970 ERROR 5088 --- [           main] o.s.test.context.TestContextManager      : Caught exception while allowing TestExecutionListener [org.springframework.test.context.web.ServletTestExecutionListener@48793bef] to prepare test instance [com.db.dbh2repoexp.DbH2RepoExpApplicationTests@798256c5]

java.lang.IllegalStateException: Failed to load ApplicationContext
	at org.springframework.test.context.cache.DefaultCacheAwareContextLoaderDelegate.loadContext(DefaultCacheAwareContextLoaderDelegate.java:125) ~[spring-test-5.1.4.RELEASE.jar:5.1.4.RELEASE]
	at org.springframework.test.context.support.DefaultTestContext.getApplicationContext(DefaultTestContext.java:108) ~[spring-test-5.1.4.RELEASE.jar:5.1.4.RELEASE]
	at org.springframework.test.context.web.ServletTestExecutionListener.setUpRequestContextIfNecessary(ServletTestExecutionListener.java:190) ~[spring-test-5.1.4.RELEASE.jar:5.1.4.RELEASE]
	at org.springframework.test.context.web.ServletTestExecutionListener.prepareTestInstance(ServletTestExecutionListener.java:132) ~[spring-test-5.1.4.RELEASE.jar:5.1.4.RELEASE]
	at org.springframework.test.context.TestContextManager.prepareTestInstance(TestContextManager.java:246) ~[spring-test-5.1.4.RELEASE.jar:5.1.4.RELEASE]
	at org.springframework.test.context.junit4.SpringJUnit4ClassRunner.createTest(SpringJUnit4ClassRunner.java:227) ~[spring-test-5.1.4.RELEASE.jar:5.1.4.RELEASE]
	at org.springframework.test.context.junit4.SpringJUnit4ClassRunner$1.runReflectiveCall(SpringJUnit4ClassRunner.java:289) ~[spring-test-5.1.4.RELEASE.jar:5.1.4.RELEASE]
	at org.junit.internal.runners.model.ReflectiveCallable.run(ReflectiveCallable.java:12) ~[junit-4.12.jar:4.12]
	at org.springframework.test.context.junit4.SpringJUnit4ClassRunner.methodBlock(SpringJUnit4ClassRunner.java:291) ~[spring-test-5.1.4.RELEASE.jar:5.1.4.RELEASE]
	at org.springframework.test.context.junit4.SpringJUnit4ClassRunner.runChild(SpringJUnit4ClassRunner.java:246) ~[spring-test-5.1.4.RELEASE.jar:5.1.4.RELEASE]
	at org.springframework.test.context.junit4.SpringJUnit4ClassRunner.runChild(SpringJUnit4ClassRunner.java:97) ~[spring-test-5.1.4.RELEASE.jar:5.1.4.RELEASE]
	at org.junit.runners.ParentRunner$3.run(ParentRunner.java:290) ~[junit-4.12.jar:4.12]
	at org.junit.runners.ParentRunner$1.schedule(ParentRunner.java:71) ~[junit-4.12.jar:4.12]
	at org.junit.runners.ParentRunner.runChildren(ParentRunner.java:288) ~[junit-4.12.jar:4.12]
	at org.junit.runners.ParentRunner.access$000(ParentRunner.java:58) ~[junit-4.12.jar:4.12]
	at org.junit.runners.ParentRunner$2.evaluate(ParentRunner.java:268) ~[junit-4.12.jar:4.12]
	at org.springframework.test.context.junit4.statements.RunBeforeTestClassCallbacks.evaluate(RunBeforeTestClassCallbacks.java:61) ~[spring-test-5.1.4.RELEASE.jar:5.1.4.RELEASE]
	at org.springframework.test.context.junit4.statements.RunAfterTestClassCallbacks.evaluate(RunAfterTestClassCallbacks.java:70) ~[spring-test-5.1.4.RELEASE.jar:5.1.4.RELEASE]
	at org.junit.runners.ParentRunner.run(ParentRunner.java:363) ~[junit-4.12.jar:4.12]
	at org.springframework.test.context.junit4.SpringJUnit4ClassRunner.run(SpringJUnit4ClassRunner.java:190) ~[spring-test-5.1.4.RELEASE.jar:5.1.4.RELEASE]
	at org.apache.maven.surefire.junit4.JUnit4Provider.execute(JUnit4Provider.java:365) ~[surefire-junit4-2.22.1.jar:2.22.1]
	at org.apache.maven.surefire.junit4.JUnit4Provider.executeWithRerun(JUnit4Provider.java:273) ~[surefire-junit4-2.22.1.jar:2.22.1]
	at org.apache.maven.surefire.junit4.JUnit4Provider.executeTestSet(JUnit4Provider.java:238) ~[surefire-junit4-2.22.1.jar:2.22.1]
	at org.apache.maven.surefire.junit4.JUnit4Provider.invoke(JUnit4Provider.java:159) ~[surefire-junit4-2.22.1.jar:2.22.1]
	at org.apache.maven.surefire.booter.ForkedBooter.invokeProviderInSameClassLoader(ForkedBooter.java:384) ~[surefire-booter-2.22.1.jar:2.22.1]
	at org.apache.maven.surefire.booter.ForkedBooter.runSuitesInProcess(ForkedBooter.java:345) ~[surefire-booter-2.22.1.jar:2.22.1]
	at org.apache.maven.surefire.booter.ForkedBooter.execute(ForkedBooter.java:126) ~[surefire-booter-2.22.1.jar:2.22.1]
	at org.apache.maven.surefire.booter.ForkedBooter.main(ForkedBooter.java:418) ~[surefire-booter-2.22.1.jar:2.22.1]
Caused by: org.springframework.beans.factory.BeanCreationException: Error creating bean with name 'flywayInitializer' defined in class path resource [org/springframework/boot/autoconfigure/flyway/FlywayAutoConfiguration$FlywayConfiguration.class]: Invocation of init method failed; nested exception is org.flywaydb.core.internal.command.DbMigrate$FlywayMigrateException: 
Migration V1__create_table.sql failed
-------------------------------------
SQL State  : HY004
Error Code : 50004
Message    : Unknown data type: "DUE_DATE"; SQL statement:
create table Todo (id bigint not null auto_increment,username varchar(255) ,text varchar(255),status varchar(255),
name due_date datetime,name estimate_time timestamp,name date_time Date) [50004-197]
Location   : db/migration/V1__create_table.sql (C:\Users\pc\IdeaProjects\db-h2-repo-exp\db-h2-repo-exp\target\classes\db\migration\V1__create_table.sql)
Line       : 1
Statement  : create table Todo (id bigint not null auto_increment,username varchar(255) ,text varchar(255),status varchar(255),
name due_date datetime,name estimate_time timestamp,name date_time Date)

	at org.springframework.beans.factory.support.AbstractAutowireCapableBeanFactory.initializeBean(AbstractAutowireCapableBeanFactory.java:1745) ~[spring-beans-5.1.4.RELEASE.jar:5.1.4.RELEASE]
	at org.springframework.beans.factory.support.AbstractAutowireCapableBeanFactory.doCreateBean(AbstractAutowireCapableBeanFactory.java:576) ~[spring-beans-5.1.4.RELEASE.jar:5.1.4.RELEASE]
	at org.springframework.beans.factory.support.AbstractAutowireCapableBeanFactory.createBean(AbstractAutowireCapableBeanFactory.java:498) ~[spring-beans-5.1.4.RELEASE.jar:5.1.4.RELEASE]
	at org.springframework.beans.factory.support.AbstractBeanFactory.lambda$doGetBean$0(AbstractBeanFactory.java:320) ~[spring-beans-5.1.4.RELEASE.jar:5.1.4.RELEASE]
	at org.springframework.beans.factory.support.DefaultSingletonBeanRegistry.getSingleton(DefaultSingletonBeanRegistry.java:222) ~[spring-beans-5.1.4.RELEASE.jar:5.1.4.RELEASE]
	at org.springframework.beans.factory.support.AbstractBeanFactory.doGetBean(AbstractBeanFactory.java:318) ~[spring-beans-5.1.4.RELEASE.jar:5.1.4.RELEASE]
	at org.springframework.beans.factory.support.AbstractBeanFactory.getBean(AbstractBeanFactory.java:199) ~[spring-beans-5.1.4.RELEASE.jar:5.1.4.RELEASE]
	at org.springframework.beans.factory.support.AbstractBeanFactory.doGetBean(AbstractBeanFactory.java:307) ~[spring-beans-5.1.4.RELEASE.jar:5.1.4.RELEASE]
	at org.springframework.beans.factory.support.AbstractBeanFactory.getBean(AbstractBeanFactory.java:199) ~[spring-beans-5.1.4.RELEASE.jar:5.1.4.RELEASE]
	at org.springframework.context.support.AbstractApplicationContext.getBean(AbstractApplicationContext.java:1083) ~[spring-context-5.1.4.RELEASE.jar:5.1.4.RELEASE]
	at org.springframework.context.support.AbstractApplicationContext.finishBeanFactoryInitialization(AbstractApplicationContext.java:853) ~[spring-context-5.1.4.RELEASE.jar:5.1.4.RELEASE]
	at org.springframework.context.support.AbstractApplicationContext.refresh(AbstractApplicationContext.java:546) ~[spring-context-5.1.4.RELEASE.jar:5.1.4.RELEASE]
	at org.springframework.boot.SpringApplication.refresh(SpringApplication.java:775) ~[spring-boot-2.1.2.RELEASE.jar:2.1.2.RELEASE]
	at org.springframework.boot.SpringApplication.refreshContext(SpringApplication.java:397) ~[spring-boot-2.1.2.RELEASE.jar:2.1.2.RELEASE]
	at org.springframework.boot.SpringApplication.run(SpringApplication.java:316) ~[spring-boot-2.1.2.RELEASE.jar:2.1.2.RELEASE]
	at org.springframework.boot.test.context.SpringBootContextLoader.loadContext(SpringBootContextLoader.java:127) ~[spring-boot-test-2.1.2.RELEASE.jar:2.1.2.RELEASE]
	at org.springframework.test.context.cache.DefaultCacheAwareContextLoaderDelegate.loadContextInternal(DefaultCacheAwareContextLoaderDelegate.java:99) ~[spring-test-5.1.4.RELEASE.jar:5.1.4.RELEASE]
	at org.springframework.test.context.cache.DefaultCacheAwareContextLoaderDelegate.loadContext(DefaultCacheAwareContextLoaderDelegate.java:117) ~[spring-test-5.1.4.RELEASE.jar:5.1.4.RELEASE]
	... 27 common frames omitted
Caused by: org.flywaydb.core.internal.command.DbMigrate$FlywayMigrateException: 
Migration V1__create_table.sql failed
-------------------------------------
SQL State  : HY004
Error Code : 50004
Message    : Unknown data type: "DUE_DATE"; SQL statement:
create table Todo (id bigint not null auto_increment,username varchar(255) ,text varchar(255),status varchar(255),
name due_date datetime,name estimate_time timestamp,name date_time Date) [50004-197]
Location   : db/migration/V1__create_table.sql (C:\Users\pc\IdeaProjects\db-h2-repo-exp\db-h2-repo-exp\target\classes\db\migration\V1__create_table.sql)
Line       : 1
Statement  : create table Todo (id bigint not null auto_increment,username varchar(255) ,text varchar(255),status varchar(255),
name due_date datetime,name estimate_time timestamp,name date_time Date)

	at org.flywaydb.core.internal.command.DbMigrate.doMigrateGroup(DbMigrate.java:370) ~[flyway-core-5.2.4.jar:na]
	at org.flywaydb.core.internal.command.DbMigrate.access$200(DbMigrate.java:54) ~[flyway-core-5.2.4.jar:na]
	at org.flywaydb.core.internal.command.DbMigrate$3.call(DbMigrate.java:284) ~[flyway-core-5.2.4.jar:na]
	at org.flywaydb.core.internal.jdbc.TransactionTemplate.execute(TransactionTemplate.java:74) ~[flyway-core-5.2.4.jar:na]
	at org.flywaydb.core.internal.command.DbMigrate.applyMigrations(DbMigrate.java:281) ~[flyway-core-5.2.4.jar:na]
	at org.flywaydb.core.internal.command.DbMigrate.migrateGroup(DbMigrate.java:246) ~[flyway-core-5.2.4.jar:na]
	at org.flywaydb.core.internal.command.DbMigrate.access$100(DbMigrate.java:54) ~[flyway-core-5.2.4.jar:na]
	at org.flywaydb.core.internal.command.DbMigrate$2.call(DbMigrate.java:164) ~[flyway-core-5.2.4.jar:na]
	at org.flywaydb.core.internal.command.DbMigrate$2.call(DbMigrate.java:161) ~[flyway-core-5.2.4.jar:na]
	at org.flywaydb.core.internal.database.base.Connection$1.call(Connection.java:147) ~[flyway-core-5.2.4.jar:na]
	at org.flywaydb.core.internal.jdbc.TransactionTemplate.execute(TransactionTemplate.java:74) ~[flyway-core-5.2.4.jar:na]
	at org.flywaydb.core.internal.database.base.Connection.lock(Connection.java:143) ~[flyway-core-5.2.4.jar:na]
	at org.flywaydb.core.internal.schemahistory.JdbcTableSchemaHistory.lock(JdbcTableSchemaHistory.java:155) ~[flyway-core-5.2.4.jar:na]
	at org.flywaydb.core.internal.command.DbMigrate.migrateAll(DbMigrate.java:161) ~[flyway-core-5.2.4.jar:na]
	at org.flywaydb.core.internal.command.DbMigrate.migrate(DbMigrate.java:139) ~[flyway-core-5.2.4.jar:na]
	at org.flywaydb.core.Flyway$1.execute(Flyway.java:1395) ~[flyway-core-5.2.4.jar:na]
	at org.flywaydb.core.Flyway$1.execute(Flyway.java:1356) ~[flyway-core-5.2.4.jar:na]
	at org.flywaydb.core.Flyway.execute(Flyway.java:1711) ~[flyway-core-5.2.4.jar:na]
	at org.flywaydb.core.Flyway.migrate(Flyway.java:1356) ~[flyway-core-5.2.4.jar:na]
	at org.springframework.boot.autoconfigure.flyway.FlywayMigrationInitializer.afterPropertiesSet(FlywayMigrationInitializer.java:66) ~[spring-boot-autoconfigure-2.1.2.RELEASE.jar:2.1.2.RELEASE]
	at org.springframework.beans.factory.support.AbstractAutowireCapableBeanFactory.invokeInitMethods(AbstractAutowireCapableBeanFactory.java:1804) ~[spring-beans-5.1.4.RELEASE.jar:5.1.4.RELEASE]
	at org.springframework.beans.factory.support.AbstractAutowireCapableBeanFactory.initializeBean(AbstractAutowireCapableBeanFactory.java:1741) ~[spring-beans-5.1.4.RELEASE.jar:5.1.4.RELEASE]
	... 44 common frames omitted
Caused by: org.flywaydb.core.internal.sqlscript.FlywaySqlScriptException: 
Migration V1__create_table.sql failed
-------------------------------------
SQL State  : HY004
Error Code : 50004
Message    : Unknown data type: "DUE_DATE"; SQL statement:
create table Todo (id bigint not null auto_increment,username varchar(255) ,text varchar(255),status varchar(255),
name due_date datetime,name estimate_time timestamp,name date_time Date) [50004-197]
Location   : db/migration/V1__create_table.sql (C:\Users\pc\IdeaProjects\db-h2-repo-exp\db-h2-repo-exp\target\classes\db\migration\V1__create_table.sql)
Line       : 1
Statement  : create table Todo (id bigint not null auto_increment,username varchar(255) ,text varchar(255),status varchar(255),
name due_date datetime,name estimate_time timestamp,name date_time Date)

	at org.flywaydb.core.internal.sqlscript.DefaultSqlScriptExecutor.handleException(DefaultSqlScriptExecutor.java:253) ~[flyway-core-5.2.4.jar:na]
	at org.flywaydb.core.internal.sqlscript.DefaultSqlScriptExecutor.executeStatement(DefaultSqlScriptExecutor.java:202) ~[flyway-core-5.2.4.jar:na]
	at org.flywaydb.core.internal.sqlscript.DefaultSqlScriptExecutor.execute(DefaultSqlScriptExecutor.java:125) ~[flyway-core-5.2.4.jar:na]
	at org.flywaydb.core.internal.resolver.sql.SqlMigrationExecutor.execute(SqlMigrationExecutor.java:77) ~[flyway-core-5.2.4.jar:na]
	at org.flywaydb.core.internal.command.DbMigrate.doMigrateGroup(DbMigrate.java:367) ~[flyway-core-5.2.4.jar:na]
	... 65 common frames omitted
Caused by: org.h2.jdbc.JdbcSQLException: Unknown data type: "DUE_DATE"; SQL statement:
create table Todo (id bigint not null auto_increment,username varchar(255) ,text varchar(255),status varchar(255),
name due_date datetime,name estimate_time timestamp,name date_time Date) [50004-197]
	at org.h2.message.DbException.getJdbcSQLException(DbException.java:357) ~[h2-1.4.197.jar:1.4.197]
	at org.h2.message.DbException.get(DbException.java:179) ~[h2-1.4.197.jar:1.4.197]
	at org.h2.message.DbException.get(DbException.java:155) ~[h2-1.4.197.jar:1.4.197]
	at org.h2.command.Parser.parseColumnWithType(Parser.java:4400) ~[h2-1.4.197.jar:1.4.197]
	at org.h2.command.Parser.parseColumnForTable(Parser.java:4215) ~[h2-1.4.197.jar:1.4.197]
	at org.h2.command.Parser.parseTableColumnDefinition(Parser.java:6662) ~[h2-1.4.197.jar:1.4.197]
	at org.h2.command.Parser.parseCreateTable(Parser.java:6570) ~[h2-1.4.197.jar:1.4.197]
	at org.h2.command.Parser.parseCreate(Parser.java:4615) ~[h2-1.4.197.jar:1.4.197]
	at org.h2.command.Parser.parsePrepared(Parser.java:380) ~[h2-1.4.197.jar:1.4.197]
	at org.h2.command.Parser.parse(Parser.java:335) ~[h2-1.4.197.jar:1.4.197]
	at org.h2.command.Parser.parse(Parser.java:307) ~[h2-1.4.197.jar:1.4.197]
	at org.h2.command.Parser.prepareCommand(Parser.java:278) ~[h2-1.4.197.jar:1.4.197]
	at org.h2.engine.Session.prepareLocal(Session.java:611) ~[h2-1.4.197.jar:1.4.197]
	at org.h2.engine.Session.prepareCommand(Session.java:549) ~[h2-1.4.197.jar:1.4.197]
	at org.h2.jdbc.JdbcConnection.prepareCommand(JdbcConnection.java:1247) ~[h2-1.4.197.jar:1.4.197]
	at org.h2.jdbc.JdbcStatement.executeInternal(JdbcStatement.java:217) ~[h2-1.4.197.jar:1.4.197]
	at org.h2.jdbc.JdbcStatement.execute(JdbcStatement.java:205) ~[h2-1.4.197.jar:1.4.197]
	at com.zaxxer.hikari.pool.ProxyStatement.execute(ProxyStatement.java:95) ~[HikariCP-3.2.0.jar:na]
	at com.zaxxer.hikari.pool.HikariProxyStatement.execute(HikariProxyStatement.java) ~[HikariCP-3.2.0.jar:na]
	at org.flywaydb.core.internal.jdbc.JdbcTemplate.executeStatement(JdbcTemplate.java:235) ~[flyway-core-5.2.4.jar:na]
	at org.flywaydb.core.internal.sqlscript.StandardSqlStatement.execute(StandardSqlStatement.java:42) ~[flyway-core-5.2.4.jar:na]
	at org.flywaydb.core.internal.sqlscript.DefaultSqlScriptExecutor.executeStatement(DefaultSqlScriptExecutor.java:189) ~[flyway-core-5.2.4.jar:na]
	... 68 common frames omitted

]]></system-out>
  </testcase>
</testsuite>